[2018-08-07 18:31:01,719] root INFO ###################################################################################
[2018-08-07 18:31:01,719] root INFO #                                                                                 #
[2018-08-07 18:31:01,719] root INFO #     Begin execution of 180703_24_personal_turbs\180703_24_personal_turbs.py     #
[2018-08-07 18:31:01,719] root INFO #                                                                                 #
[2018-08-07 18:31:01,719] root INFO ###################################################################################
[2018-08-07 18:31:02,085] pyhamilton.interface INFO starting a Hamilton interface
[2018-08-07 18:31:02,085] pyhamilton.interface INFO started the oem process
[2018-08-07 18:31:02,085] pyhamilton.interface INFO started the server thread
[2018-08-07 18:31:03,540] root INFO 
##### Priming pump lines.
[2018-08-07 18:31:03,541] root INFO Running deck pump action "prime" with no args
[2018-08-07 18:31:14,630] pyhamilton.interface WARNING permission denied, trying again...
[2018-08-07 18:31:16,631] pyhamilton.interface WARNING permission denied, trying again...
[2018-08-07 18:31:18,631] pyhamilton.interface WARNING Could not kill oem process, moving on with shutdown
[2018-08-07 18:31:18,631] pyhamilton.interface INFO disconnected from server
[2018-08-07 18:31:18,732] pyhamilton.interface INFO server did not exit yet, sending dummy request to exit its loop
[2018-08-07 18:31:18,733] urllib3.util.retry DEBUG Converted retries value: 20 -> Retry(total=20, connect=None, read=None, redirect=None, status=None)
[2018-08-07 18:31:18,741] urllib3.connectionpool DEBUG Starting new HTTP connection (1): 127.0.0.1
[2018-08-07 18:31:18,745] urllib3.connectionpool DEBUG http://127.0.0.1:3221 "GET / HTTP/1.1" 200 None
[2018-08-07 18:31:18,747] pyhamilton.interface INFO dummy get request sent to server
[2018-08-07 18:31:18,747] pyhamilton.interface INFO server thread exited
